Determining if the pthread_create exist failed with the following output:
Change Dir: /home/chengdaqian/UAV_UGV_Exploration/explor_catkin_ws/src/marker_detector/cmake-build-debug/CMakeFiles/CMakeTmp

Run Build Command:"/usr/bin/make" "cmTC_3808e/fast"
/usr/bin/make -f CMakeFiles/cmTC_3808e.dir/build.make CMakeFiles/cmTC_3808e.dir/build
make[1]: Entering directory '/home/chengdaqian/UAV_UGV_Exploration/explor_catkin_ws/src/marker_detector/cmake-build-debug/CMakeFiles/CMakeTmp'
Building C object CMakeFiles/cmTC_3808e.dir/CheckSymbolExists.c.o
/usr/bin/cc    -o CMakeFiles/cmTC_3808e.dir/CheckSymbolExists.c.o   -c /home/chengdaqian/UAV_UGV_Exploration/explor_catkin_ws/src/marker_detector/cmake-build-debug/CMakeFiles/CMakeTmp/CheckSymbolExists.c
Linking C executable cmTC_3808e
/home/chengdaqian/Software/clion-2017.2.2/bin/cmake/bin/cmake -E cmake_link_script CMakeFiles/cmTC_3808e.dir/link.txt --verbose=1
/usr/bin/cc      -rdynamic CMakeFiles/cmTC_3808e.dir/CheckSymbolExists.c.o  -o cmTC_3808e 
CMakeFiles/cmTC_3808e.dir/CheckSymbolExists.c.o: In function `main':
CheckSymbolExists.c:(.text+0x16): undefined reference to `pthread_create'
collect2: error: ld returned 1 exit status
CMakeFiles/cmTC_3808e.dir/build.make:97: recipe for target 'cmTC_3808e' failed
make[1]: *** [cmTC_3808e] Error 1
make[1]: Leaving directory '/home/chengdaqian/UAV_UGV_Exploration/explor_catkin_ws/src/marker_detector/cmake-build-debug/CMakeFiles/CMakeTmp'
Makefile:126: recipe for target 'cmTC_3808e/fast' failed
make: *** [cmTC_3808e/fast] Error 2

File /home/chengdaqian/UAV_UGV_Exploration/explor_catkin_ws/src/marker_detector/cmake-build-debug/CMakeFiles/CMakeTmp/CheckSymbolExists.c:
/* */
#include <pthread.h>

int main(int argc, char** argv)
{
  (void)argv;
#ifndef pthread_create
  return ((int*)(&pthread_create))[argc];
#else
  (void)argc;
  return 0;
#endif
}

Determining if the function pthread_create exists in the pthreads failed with the following output:
Change Dir: /home/chengdaqian/UAV_UGV_Exploration/explor_catkin_ws/src/marker_detector/cmake-build-debug/CMakeFiles/CMakeTmp

Run Build Command:"/usr/bin/make" "cmTC_9986c/fast"
/usr/bin/make -f CMakeFiles/cmTC_9986c.dir/build.make CMakeFiles/cmTC_9986c.dir/build
make[1]: Entering directory '/home/chengdaqian/UAV_UGV_Exploration/explor_catkin_ws/src/marker_detector/cmake-build-debug/CMakeFiles/CMakeTmp'
Building C object CMakeFiles/cmTC_9986c.dir/CheckFunctionExists.c.o
/usr/bin/cc   -DCHECK_FUNCTION_EXISTS=pthread_create   -o CMakeFiles/cmTC_9986c.dir/CheckFunctionExists.c.o   -c /home/chengdaqian/Software/clion-2017.2.2/bin/cmake/share/cmake-3.8/Modules/CheckFunctionExists.c
Linking C executable cmTC_9986c
/home/chengdaqian/Software/clion-2017.2.2/bin/cmake/bin/cmake -E cmake_link_script CMakeFiles/cmTC_9986c.dir/link.txt --verbose=1
/usr/bin/cc  -DCHECK_FUNCTION_EXISTS=pthread_create    -rdynamic CMakeFiles/cmTC_9986c.dir/CheckFunctionExists.c.o  -o cmTC_9986c -lpthreads 
/usr/bin/ld: cannot find -lpthreads
collect2: error: ld returned 1 exit status
CMakeFiles/cmTC_9986c.dir/build.make:97: recipe for target 'cmTC_9986c' failed
make[1]: *** [cmTC_9986c] Error 1
make[1]: Leaving directory '/home/chengdaqian/UAV_UGV_Exploration/explor_catkin_ws/src/marker_detector/cmake-build-debug/CMakeFiles/CMakeTmp'
Makefile:126: recipe for target 'cmTC_9986c/fast' failed
make: *** [cmTC_9986c/fast] Error 2


