Determining if the pthread_create exist failed with the following output:
Change Dir: /home/chengdaqian/UAV_UGV_Exploration/explor_catkin_ws/src/grad_field_ctrl/cmake-build-debug/CMakeFiles/CMakeTmp

Run Build Command:"/usr/bin/make" "cmTC_3f906/fast"
/usr/bin/make -f CMakeFiles/cmTC_3f906.dir/build.make CMakeFiles/cmTC_3f906.dir/build
make[1]: Entering directory '/home/chengdaqian/UAV_UGV_Exploration/explor_catkin_ws/src/grad_field_ctrl/cmake-build-debug/CMakeFiles/CMakeTmp'
Building C object CMakeFiles/cmTC_3f906.dir/CheckSymbolExists.c.o
/usr/bin/cc    -o CMakeFiles/cmTC_3f906.dir/CheckSymbolExists.c.o   -c /home/chengdaqian/UAV_UGV_Exploration/explor_catkin_ws/src/grad_field_ctrl/cmake-build-debug/CMakeFiles/CMakeTmp/CheckSymbolExists.c
Linking C executable cmTC_3f906
/home/chengdaqian/Software/clion-2017.2.2/bin/cmake/bin/cmake -E cmake_link_script CMakeFiles/cmTC_3f906.dir/link.txt --verbose=1
/usr/bin/cc      -rdynamic CMakeFiles/cmTC_3f906.dir/CheckSymbolExists.c.o  -o cmTC_3f906 
CMakeFiles/cmTC_3f906.dir/CheckSymbolExists.c.o: In function `main':
CheckSymbolExists.c:(.text+0x16): undefined reference to `pthread_create'
collect2: error: ld returned 1 exit status
CMakeFiles/cmTC_3f906.dir/build.make:97: recipe for target 'cmTC_3f906' failed
make[1]: *** [cmTC_3f906] Error 1
make[1]: Leaving directory '/home/chengdaqian/UAV_UGV_Exploration/explor_catkin_ws/src/grad_field_ctrl/cmake-build-debug/CMakeFiles/CMakeTmp'
Makefile:126: recipe for target 'cmTC_3f906/fast' failed
make: *** [cmTC_3f906/fast] Error 2

File /home/chengdaqian/UAV_UGV_Exploration/explor_catkin_ws/src/grad_field_ctrl/cmake-build-debug/CMakeFiles/CMakeTmp/CheckSymbolExists.c:
/* */
#include <pthread.h>

int main(int argc, char** argv)
{
  (void)argv;
#ifndef pthread_create
  return ((int*)(&pthread_create))[argc];
#else
  (void)argc;
  return 0;
#endif
}

Determining if the function pthread_create exists in the pthreads failed with the following output:
Change Dir: /home/chengdaqian/UAV_UGV_Exploration/explor_catkin_ws/src/grad_field_ctrl/cmake-build-debug/CMakeFiles/CMakeTmp

Run Build Command:"/usr/bin/make" "cmTC_e57de/fast"
/usr/bin/make -f CMakeFiles/cmTC_e57de.dir/build.make CMakeFiles/cmTC_e57de.dir/build
make[1]: Entering directory '/home/chengdaqian/UAV_UGV_Exploration/explor_catkin_ws/src/grad_field_ctrl/cmake-build-debug/CMakeFiles/CMakeTmp'
Building C object CMakeFiles/cmTC_e57de.dir/CheckFunctionExists.c.o
/usr/bin/cc   -DCHECK_FUNCTION_EXISTS=pthread_create   -o CMakeFiles/cmTC_e57de.dir/CheckFunctionExists.c.o   -c /home/chengdaqian/Software/clion-2017.2.2/bin/cmake/share/cmake-3.8/Modules/CheckFunctionExists.c
Linking C executable cmTC_e57de
/home/chengdaqian/Software/clion-2017.2.2/bin/cmake/bin/cmake -E cmake_link_script CMakeFiles/cmTC_e57de.dir/link.txt --verbose=1
/usr/bin/cc  -DCHECK_FUNCTION_EXISTS=pthread_create    -rdynamic CMakeFiles/cmTC_e57de.dir/CheckFunctionExists.c.o  -o cmTC_e57de -lpthreads 
/usr/bin/ld: cannot find -lpthreads
collect2: error: ld returned 1 exit status
CMakeFiles/cmTC_e57de.dir/build.make:97: recipe for target 'cmTC_e57de' failed
make[1]: *** [cmTC_e57de] Error 1
make[1]: Leaving directory '/home/chengdaqian/UAV_UGV_Exploration/explor_catkin_ws/src/grad_field_ctrl/cmake-build-debug/CMakeFiles/CMakeTmp'
Makefile:126: recipe for target 'cmTC_e57de/fast' failed
make: *** [cmTC_e57de/fast] Error 2


