Determining if the pthread_create exist failed with the following output:
Change Dir: /home/chengdaqian/UAV_UGV_Exploration/explor_catkin_ws/src/costmap_to_gridmap/cmake-build-debug/CMakeFiles/CMakeTmp

Run Build Command:"/usr/bin/make" "cmTC_6caa6/fast"
/usr/bin/make -f CMakeFiles/cmTC_6caa6.dir/build.make CMakeFiles/cmTC_6caa6.dir/build
make[1]: Entering directory '/home/chengdaqian/UAV_UGV_Exploration/explor_catkin_ws/src/costmap_to_gridmap/cmake-build-debug/CMakeFiles/CMakeTmp'
Building C object CMakeFiles/cmTC_6caa6.dir/CheckSymbolExists.c.o
/usr/bin/cc    -o CMakeFiles/cmTC_6caa6.dir/CheckSymbolExists.c.o   -c /home/chengdaqian/UAV_UGV_Exploration/explor_catkin_ws/src/costmap_to_gridmap/cmake-build-debug/CMakeFiles/CMakeTmp/CheckSymbolExists.c
Linking C executable cmTC_6caa6
/home/chengdaqian/Software/clion-2017.2.2/bin/cmake/bin/cmake -E cmake_link_script CMakeFiles/cmTC_6caa6.dir/link.txt --verbose=1
/usr/bin/cc      -rdynamic CMakeFiles/cmTC_6caa6.dir/CheckSymbolExists.c.o  -o cmTC_6caa6 
CMakeFiles/cmTC_6caa6.dir/CheckSymbolExists.c.o: In function `main':
CheckSymbolExists.c:(.text+0x16): undefined reference to `pthread_create'
collect2: error: ld returned 1 exit status
CMakeFiles/cmTC_6caa6.dir/build.make:97: recipe for target 'cmTC_6caa6' failed
make[1]: *** [cmTC_6caa6] Error 1
make[1]: Leaving directory '/home/chengdaqian/UAV_UGV_Exploration/explor_catkin_ws/src/costmap_to_gridmap/cmake-build-debug/CMakeFiles/CMakeTmp'
Makefile:126: recipe for target 'cmTC_6caa6/fast' failed
make: *** [cmTC_6caa6/fast] Error 2

File /home/chengdaqian/UAV_UGV_Exploration/explor_catkin_ws/src/costmap_to_gridmap/cmake-build-debug/CMakeFiles/CMakeTmp/CheckSymbolExists.c:
/* */
#include <pthread.h>

int main(int argc, char** argv)
{
  (void)argv;
#ifndef pthread_create
  return ((int*)(&pthread_create))[argc];
#else
  (void)argc;
  return 0;
#endif
}

Determining if the function pthread_create exists in the pthreads failed with the following output:
Change Dir: /home/chengdaqian/UAV_UGV_Exploration/explor_catkin_ws/src/costmap_to_gridmap/cmake-build-debug/CMakeFiles/CMakeTmp

Run Build Command:"/usr/bin/make" "cmTC_36f78/fast"
/usr/bin/make -f CMakeFiles/cmTC_36f78.dir/build.make CMakeFiles/cmTC_36f78.dir/build
make[1]: Entering directory '/home/chengdaqian/UAV_UGV_Exploration/explor_catkin_ws/src/costmap_to_gridmap/cmake-build-debug/CMakeFiles/CMakeTmp'
Building C object CMakeFiles/cmTC_36f78.dir/CheckFunctionExists.c.o
/usr/bin/cc   -DCHECK_FUNCTION_EXISTS=pthread_create   -o CMakeFiles/cmTC_36f78.dir/CheckFunctionExists.c.o   -c /home/chengdaqian/Software/clion-2017.2.2/bin/cmake/share/cmake-3.8/Modules/CheckFunctionExists.c
Linking C executable cmTC_36f78
/home/chengdaqian/Software/clion-2017.2.2/bin/cmake/bin/cmake -E cmake_link_script CMakeFiles/cmTC_36f78.dir/link.txt --verbose=1
/usr/bin/cc  -DCHECK_FUNCTION_EXISTS=pthread_create    -rdynamic CMakeFiles/cmTC_36f78.dir/CheckFunctionExists.c.o  -o cmTC_36f78 -lpthreads 
/usr/bin/ld: cannot find -lpthreads
collect2: error: ld returned 1 exit status
CMakeFiles/cmTC_36f78.dir/build.make:97: recipe for target 'cmTC_36f78' failed
make[1]: *** [cmTC_36f78] Error 1
make[1]: Leaving directory '/home/chengdaqian/UAV_UGV_Exploration/explor_catkin_ws/src/costmap_to_gridmap/cmake-build-debug/CMakeFiles/CMakeTmp'
Makefile:126: recipe for target 'cmTC_36f78/fast' failed
make: *** [cmTC_36f78/fast] Error 2


