Determining if the pthread_create exist failed with the following output:
Change Dir: /home/jchen/workspace/src/so3_control/build/CMakeFiles/CMakeTmp

Run Build Command:/usr/bin/make "cmTryCompileExec304612250/fast"
make[1]: Entering directory `/home/jchen/workspace/src/so3_control/build/CMakeFiles/CMakeTmp'
/usr/bin/make -f CMakeFiles/cmTryCompileExec304612250.dir/build.make CMakeFiles/cmTryCompileExec304612250.dir/build
make[2]: Entering directory `/home/jchen/workspace/src/so3_control/build/CMakeFiles/CMakeTmp'
/usr/bin/cmake -E cmake_progress_report /home/jchen/workspace/src/so3_control/build/CMakeFiles/CMakeTmp/CMakeFiles 1
Building C object CMakeFiles/cmTryCompileExec304612250.dir/CheckSymbolExists.c.o
/usr/bin/cc    -o CMakeFiles/cmTryCompileExec304612250.dir/CheckSymbolExists.c.o   -c /home/jchen/workspace/src/so3_control/build/CMakeFiles/CMakeTmp/CheckSymbolExists.c
Linking C executable cmTryCompileExec304612250
/usr/bin/cmake -E cmake_link_script CMakeFiles/cmTryCompileExec304612250.dir/link.txt --verbose=1
/usr/bin/cc       CMakeFiles/cmTryCompileExec304612250.dir/CheckSymbolExists.c.o  -o cmTryCompileExec304612250 -rdynamic 
CMakeFiles/cmTryCompileExec304612250.dir/CheckSymbolExists.c.o: In function `main':
CheckSymbolExists.c:(.text+0x16): undefined reference to `pthread_create'
collect2: error: ld returned 1 exit status
make[2]: *** [cmTryCompileExec304612250] Error 1
make[2]: Leaving directory `/home/jchen/workspace/src/so3_control/build/CMakeFiles/CMakeTmp'
make[1]: *** [cmTryCompileExec304612250/fast] Error 2
make[1]: Leaving directory `/home/jchen/workspace/src/so3_control/build/CMakeFiles/CMakeTmp'

File /home/jchen/workspace/src/so3_control/build/CMakeFiles/CMakeTmp/CheckSymbolExists.c:
/* */
#include <pthread.h>

int main(int argc, char** argv)
{
  (void)argv;
#ifndef pthread_create
  return ((int*)(&pthread_create))[argc];
#else
  (void)argc;
  return 0;
#endif
}

Determining if the function pthread_create exists in the pthreads failed with the following output:
Change Dir: /home/jchen/workspace/src/so3_control/build/CMakeFiles/CMakeTmp

Run Build Command:/usr/bin/make "cmTryCompileExec3440599296/fast"
make[1]: Entering directory `/home/jchen/workspace/src/so3_control/build/CMakeFiles/CMakeTmp'
/usr/bin/make -f CMakeFiles/cmTryCompileExec3440599296.dir/build.make CMakeFiles/cmTryCompileExec3440599296.dir/build
make[2]: Entering directory `/home/jchen/workspace/src/so3_control/build/CMakeFiles/CMakeTmp'
/usr/bin/cmake -E cmake_progress_report /home/jchen/workspace/src/so3_control/build/CMakeFiles/CMakeTmp/CMakeFiles 1
Building C object CMakeFiles/cmTryCompileExec3440599296.dir/CheckFunctionExists.c.o
/usr/bin/cc   -DCHECK_FUNCTION_EXISTS=pthread_create   -o CMakeFiles/cmTryCompileExec3440599296.dir/CheckFunctionExists.c.o   -c /usr/share/cmake-2.8/Modules/CheckFunctionExists.c
Linking C executable cmTryCompileExec3440599296
/usr/bin/cmake -E cmake_link_script CMakeFiles/cmTryCompileExec3440599296.dir/link.txt --verbose=1
/usr/bin/cc   -DCHECK_FUNCTION_EXISTS=pthread_create    CMakeFiles/cmTryCompileExec3440599296.dir/CheckFunctionExists.c.o  -o cmTryCompileExec3440599296 -rdynamic -lpthreads 
/usr/bin/ld: cannot find -lpthreads
collect2: error: ld returned 1 exit status
make[2]: *** [cmTryCompileExec3440599296] Error 1
make[2]: Leaving directory `/home/jchen/workspace/src/so3_control/build/CMakeFiles/CMakeTmp'
make[1]: *** [cmTryCompileExec3440599296/fast] Error 2
make[1]: Leaving directory `/home/jchen/workspace/src/so3_control/build/CMakeFiles/CMakeTmp'


